<?xml version="1.0" encoding="UTF-8"?>
<testng-results skipped="0" failed="0" ignored="0" total="2" passed="2">
  <reporter-output>
  </reporter-output>
  <suite name="InetBankingV01" duration-ms="39708" started-at="2022-11-17T10:38:08 IST" finished-at="2022-11-17T10:38:47 IST">
    <groups>
    </groups>
    <test name="Banking Test" duration-ms="39708" started-at="2022-11-17T10:38:08 IST" finished-at="2022-11-17T10:38:47 IST">
      <class name="com.inetBanking.testCases.TC_AddCustomerTest_003">
        <test-method status="PASS" signature="setup(java.lang.String)[pri:0, instance:com.inetBanking.testCases.TC_AddCustomerTest_003@27f723]" name="setup" is-config="true" duration-ms="1909" started-at="2022-11-17T10:38:22 IST" finished-at="2022-11-17T10:38:24 IST">
          <params>
            <param index="0">
              <value>
                <![CDATA[chrome]]>
              </value>
            </param>
          </params>
          <reporter-output>
          </reporter-output>
        </test-method> <!-- setup -->
        <test-method status="PASS" signature="addNewCustomer()[pri:0, instance:com.inetBanking.testCases.TC_AddCustomerTest_003@27f723]" name="addNewCustomer" duration-ms="21094" started-at="2022-11-17T10:38:24 IST" finished-at="2022-11-17T10:38:45 IST">
          <reporter-output>
          </reporter-output>
        </test-method> <!-- addNewCustomer -->
        <test-method status="PASS" signature="taredown()[pri:0, instance:com.inetBanking.testCases.TC_AddCustomerTest_003@27f723]" name="taredown" is-config="true" duration-ms="2384" started-at="2022-11-17T10:38:45 IST" finished-at="2022-11-17T10:38:47 IST">
          <reporter-output>
          </reporter-output>
        </test-method> <!-- taredown -->
      </class> <!-- com.inetBanking.testCases.TC_AddCustomerTest_003 -->
      <class name="com.inetBanking.testCases.TC_LoginTest_001">
        <test-method status="PASS" signature="setup(java.lang.String)[pri:0, instance:com.inetBanking.testCases.TC_LoginTest_001@6043cd28]" name="setup" is-config="true" duration-ms="5609" started-at="2022-11-17T10:38:08 IST" finished-at="2022-11-17T10:38:14 IST">
          <params>
            <param index="0">
              <value>
                <![CDATA[chrome]]>
              </value>
            </param>
          </params>
          <reporter-output>
          </reporter-output>
        </test-method> <!-- setup -->
        <test-method status="PASS" signature="logintest()[pri:0, instance:com.inetBanking.testCases.TC_LoginTest_001@6043cd28]" name="logintest" duration-ms="7317" started-at="2022-11-17T10:38:14 IST" finished-at="2022-11-17T10:38:21 IST">
          <reporter-output>
          </reporter-output>
        </test-method> <!-- logintest -->
        <test-method status="PASS" signature="taredown()[pri:0, instance:com.inetBanking.testCases.TC_LoginTest_001@6043cd28]" name="taredown" is-config="true" duration-ms="962" started-at="2022-11-17T10:38:21 IST" finished-at="2022-11-17T10:38:22 IST">
          <reporter-output>
          </reporter-output>
        </test-method> <!-- taredown -->
      </class> <!-- com.inetBanking.testCases.TC_LoginTest_001 -->
    </test> <!-- Banking Test -->
  </suite> <!-- InetBankingV01 -->
</testng-results>
